\BOOKMARK [1][-]{section.1}{\376\377\000S\000t\000a\000n\000f\000o\000r\000d\000\040\000C\000M\000E\000\040\0002\0004\0001\000\040\000\050\000W\000i\000n\000t\000e\000r\000\040\0002\0000\0002\0006\000\051\000\040\000-\000\040\000A\000s\000s\000i\000g\000n\000m\000e\000n\000t\000\040\0001}{}% 1
\BOOKMARK [2][-]{subsection.1.1}{\376\377\000I\000m\000p\000o\000r\000t\000s}{section.1}% 2
\BOOKMARK [2][-]{subsection.1.2}{\376\377\000Q\000u\000e\000s\000t\000i\000o\000n\000\040\0001\000:\000\040\000S\000n\000a\000k\000e\000s\000\040\000a\000n\000d\000\040\000L\000a\000d\000d\000e\000r\000s}{section.1}% 3
\BOOKMARK [3][-]{subsubsection.1.2.1}{\376\377\000P\000r\000o\000b\000l\000e\000m\000\040\000S\000t\000a\000t\000e\000m\000e\000n\000t}{subsection.1.2}% 4
\BOOKMARK [3][-]{subsubsection.1.2.2}{\376\377\000S\000u\000b\000q\000u\000e\000s\000t\000i\000o\000n\000s}{subsection.1.2}% 5
\BOOKMARK [3][-]{subsubsection.1.2.3}{\376\377\000P\000a\000r\000t\000\040\000\050\000A\000\051\000\040\000A\000n\000s\000w\000e\000r}{subsection.1.2}% 6
\BOOKMARK [3][-]{subsubsection.1.2.4}{\376\377\000P\000a\000r\000t\000\040\000\050\000B\000\051\000\040\000A\000n\000s\000w\000e\000r}{subsection.1.2}% 7
\BOOKMARK [3][-]{subsubsection.1.2.5}{\376\377\000P\000a\000r\000t\000\040\000\050\000C\000\051\000\040\000A\000n\000s\000w\000e\000r}{subsection.1.2}% 8
\BOOKMARK [2][-]{subsection.1.3}{\376\377\000Q\000u\000e\000s\000t\000i\000o\000n\000\040\0002\000:\000\040\000M\000a\000r\000k\000o\000v\000\040\000D\000e\000c\000i\000s\000i\000o\000n\000\040\000P\000r\000o\000c\000e\000s\000s\000e\000s}{section.1}% 9
\BOOKMARK [3][-]{subsubsection.1.3.1}{\376\377\000P\000r\000o\000b\000l\000e\000m\000\040\000S\000t\000a\000t\000e\000m\000e\000n\000t}{subsection.1.3}% 10
\BOOKMARK [3][-]{subsubsection.1.3.2}{\376\377\000S\000u\000b\000q\000u\000e\000s\000t\000i\000o\000n\000s}{subsection.1.3}% 11
\BOOKMARK [3][-]{subsubsection.1.3.3}{\376\377\000P\000a\000r\000t\000\040\000\050\000A\000\051\000\040\000A\000n\000s\000w\000e\000r}{subsection.1.3}% 12
\BOOKMARK [3][-]{subsubsection.1.3.4}{\376\377\000P\000a\000r\000t\000\040\000\050\000B\000\051\000\040\000A\000n\000s\000w\000e\000r}{subsection.1.3}% 13
\BOOKMARK [3][-]{subsubsection.1.3.5}{\376\377\000P\000a\000r\000t\000\040\000\050\000C\000\051\000\040\000A\000n\000s\000w\000e\000r}{subsection.1.3}% 14
\BOOKMARK [2][-]{subsection.1.4}{\376\377\000Q\000u\000e\000s\000t\000i\000o\000n\000\040\0003\000:\000\040\000F\000r\000o\000g\000\040\000i\000n\000\040\000a\000\040\000P\000o\000n\000d}{section.1}% 15
\BOOKMARK [3][-]{subsubsection.1.4.1}{\376\377\000P\000r\000o\000b\000l\000e\000m\000\040\000S\000t\000a\000t\000e\000m\000e\000n\000t}{subsection.1.4}% 16
\BOOKMARK [3][-]{subsubsection.1.4.2}{\376\377\000S\000u\000b\000q\000u\000e\000s\000t\000i\000o\000n\000s}{subsection.1.4}% 17
\BOOKMARK [3][-]{subsubsection.1.4.3}{\376\377\000P\000a\000r\000t\000\040\000\050\000A\000\051\000\040\000A\000n\000s\000w\000e\000r}{subsection.1.4}% 18
\BOOKMARK [3][-]{subsubsection.1.4.4}{\376\377\000P\000a\000r\000t\000\040\000\050\000B\000\051\000\040\000A\000n\000s\000w\000e\000r}{subsection.1.4}% 19
\BOOKMARK [3][-]{subsubsection.1.4.5}{\376\377\000P\000a\000r\000t\000\040\000\050\000C\000\051\000\040\000A\000n\000s\000w\000e\000r}{subsection.1.4}% 20
\BOOKMARK [2][-]{subsection.1.5}{\376\377\000Q\000u\000e\000s\000t\000i\000o\000n\000\040\0004\000:\000\040\000M\000a\000n\000u\000a\000l\000\040\000V\000a\000l\000u\000e\000\040\000I\000t\000e\000r\000a\000t\000i\000o\000n}{section.1}% 21
\BOOKMARK [3][-]{subsubsection.1.5.1}{\376\377\000P\000r\000o\000b\000l\000e\000m\000\040\000S\000t\000a\000t\000e\000m\000e\000n\000t}{subsection.1.5}% 22
\BOOKMARK [3][-]{subsubsection.1.5.2}{\376\377\000S\000u\000b\000q\000u\000e\000s\000t\000i\000o\000n\000s}{subsection.1.5}% 23
\BOOKMARK [3][-]{subsubsection.1.5.3}{\376\377\000P\000a\000r\000t\000\040\000\050\000A\000\051\000\040\000A\000n\000s\000w\000e\000r}{subsection.1.5}% 24
\BOOKMARK [3][-]{subsubsection.1.5.4}{\376\377\000P\000a\000r\000t\000\040\000\050\000B\000\051\000\040\000A\000n\000s\000w\000e\000r\000:}{subsection.1.5}% 25
\BOOKMARK [3][-]{subsubsection.1.5.5}{\376\377\000P\000a\000r\000t\000\040\000\050\000C\000\051\000\040\000A\000n\000s\000w\000e\000r\000:}{subsection.1.5}% 26
\BOOKMARK [3][-]{subsubsection.1.5.6}{\376\377\000P\000a\000r\000t\000\040\000\050\000D\000\051\000\040\000A\000n\000s\000w\000e\000r}{subsection.1.5}% 27
\BOOKMARK [2][-]{subsection.1.6}{\376\377\000Q\000u\000e\000s\000t\000i\000o\000n\000\040\0005\000:\000\040\000F\000i\000x\000e\000d\000-\000P\000o\000i\000n\000t\000\040\000a\000n\000d\000\040\000P\000o\000l\000i\000c\000y\000\040\000E\000v\000a\000l\000u\000a\000t\000i\000o\000n\000\040\000T\000r\000u\000e\000/\000F\000a\000l\000s\000e\000\040\000Q\000u\000e\000s\000t\000i\000o\000n\000s}{section.1}% 28
\BOOKMARK [3][-]{subsubsection.1.6.1}{\376\377\000R\000e\000c\000a\000l\000l\000\040\000S\000e\000c\000t\000i\000o\000n\000:\000\040\000K\000e\000y\000\040\000F\000o\000r\000m\000u\000l\000a\000s\000\040\000a\000n\000d\000\040\000D\000e\000f\000i\000n\000i\000t\000i\000o\000n\000s}{subsection.1.6}% 29
\BOOKMARK [3][-]{subsubsection.1.6.2}{\376\377\000T\000r\000u\000e\000/\000F\000a\000l\000s\000e\000\040\000Q\000u\000e\000s\000t\000i\000o\000n\000s\000\040\000\050\000P\000r\000o\000v\000i\000d\000e\000\040\000J\000u\000s\000t\000i\000f\000i\000c\000a\000t\000i\000o\000n\000\051}{subsection.1.6}% 30
\BOOKMARK [3][-]{subsubsection.1.6.3}{\376\377\000A\000n\000s\000w\000e\000r\000s\000\040\000\050\000P\000r\000o\000v\000i\000d\000e\000\040\000j\000u\000s\000t\000i\000f\000i\000c\000a\000t\000i\000o\000n\000,\000\040\000b\000r\000i\000e\000f\000\040\000e\000x\000p\000l\000a\000n\000a\000t\000i\000o\000n\000s\000\040\000a\000r\000e\000\040\000f\000i\000n\000e\000\051}{subsection.1.6}% 31
